["2024-02-29T13:12:20.560", "DEBUG", "ubuntupro.config", "parse_config", 633, "Using client configuration file at /etc/ubuntu-advantage/uaclient.conf", {}]
["2024-02-29T13:12:20.560", "DEBUG", "ubuntupro.system", "load_file", 517, "Reading file: /etc/ubuntu-advantage/uaclient.conf", {}]
["2024-02-29T13:12:20.561", "DEBUG", "ubuntupro.files.files", "read", 60, "Tried to load /var/lib/ubuntu-advantage/user-config.json but file does not exist", {}]
["2024-02-29T13:12:20.569", "DEBUG", "ubuntupro.http", "configure_web_proxy", 146, "Setting no_proxy: 169.254.169.254,[fd00:ec2::254],metadata", {}]
["2024-02-29T13:12:20.570", "DEBUG", "ubuntupro.http", "configure_web_proxy", 154, "Setting global proxy dict", {}]
["2024-02-29T13:12:20.570", "DEBUG", "ubuntupro.cli", "main", 1821, "Executed with sys.argv: ['/usr/bin/pro', 'security-status', '--format=json']", {}]
["2024-02-29T13:12:20.570", "DEBUG", "ubuntupro.files.files", "read", 60, "Tried to load /var/lib/ubuntu-advantage/machine-token.json but file does not exist", {}]
["2024-02-29T13:12:20.817", "DEBUG", "ubuntupro.system", "load_file", 517, "Reading file: /etc/os-release", {}]
["2024-02-29T13:12:20.828", "DEBUG", "ubuntupro.system", "load_file", 517, "Reading file: /var/run/reboot-required.pkgs", {}]
["2024-02-29T13:12:20.828", "DEBUG", "ubuntupro.system", "load_file", 517, "Reading file: /var/run/reboot-required.pkgs", {}]
["2024-02-29T13:12:20.828", "DEBUG", "ubuntupro.livepatch", "status", 126, "canonical-livepatch is not installed", {}]
["2024-02-29T13:12:20.829", "DEBUG", "ubuntupro.livepatch", "status", 126, "canonical-livepatch is not installed", {}]
["2024-02-29T13:12:20.829", "DEBUG", "ubuntupro.system", "load_file", 517, "Reading file: /proc/version_signature", {}]
["2024-02-29T13:12:20.830", "WARNING", "ubuntupro.system", "_get_kernel_build_date", 131, "Unable to parse build date from uname version", {}]
["2024-02-29T13:12:20.835", "WARNING", "ubuntupro.system", "_get_kernel_changelog_timestamp", 104, "Falling back to using timestamp of kernel changelog", {}]
["2024-02-29T13:12:44.414", "DEBUG", "ubuntupro.config", "parse_config", 633, "Using client configuration file at /etc/ubuntu-advantage/uaclient.conf", {}]
["2024-02-29T13:12:44.415", "DEBUG", "ubuntupro.system", "load_file", 517, "Reading file: /etc/ubuntu-advantage/uaclient.conf", {}]
["2024-02-29T13:12:44.415", "DEBUG", "ubuntupro.files.files", "read", 60, "Tried to load /var/lib/ubuntu-advantage/user-config.json but file does not exist", {}]
["2024-02-29T13:12:44.422", "DEBUG", "ubuntupro.http", "configure_web_proxy", 146, "Setting no_proxy: 169.254.169.254,[fd00:ec2::254],metadata", {}]
["2024-02-29T13:12:44.422", "DEBUG", "ubuntupro.http", "configure_web_proxy", 154, "Setting global proxy dict", {}]
["2024-02-29T13:12:44.422", "DEBUG", "ubuntupro.cli", "main", 1821, "Executed with sys.argv: ['/usr/bin/pro', 'security-status', '--format=json']", {}]
["2024-02-29T13:12:44.422", "DEBUG", "ubuntupro.files.files", "read", 60, "Tried to load /var/lib/ubuntu-advantage/machine-token.json but file does not exist", {}]
["2024-02-29T13:12:44.668", "DEBUG", "ubuntupro.system", "load_file", 517, "Reading file: /etc/os-release", {}]
["2024-02-29T13:12:44.680", "DEBUG", "ubuntupro.system", "load_file", 517, "Reading file: /var/run/reboot-required.pkgs", {}]
["2024-02-29T13:12:44.680", "DEBUG", "ubuntupro.system", "load_file", 517, "Reading file: /var/run/reboot-required.pkgs", {}]
["2024-02-29T13:12:44.680", "DEBUG", "ubuntupro.livepatch", "status", 126, "canonical-livepatch is not installed", {}]
["2024-02-29T13:12:44.680", "DEBUG", "ubuntupro.livepatch", "status", 126, "canonical-livepatch is not installed", {}]
["2024-02-29T13:12:44.680", "DEBUG", "ubuntupro.system", "load_file", 517, "Reading file: /proc/version_signature", {}]
["2024-02-29T13:12:44.682", "WARNING", "ubuntupro.system", "_get_kernel_build_date", 131, "Unable to parse build date from uname version", {}]
["2024-02-29T13:12:44.687", "WARNING", "ubuntupro.system", "_get_kernel_changelog_timestamp", 104, "Falling back to using timestamp of kernel changelog", {}]
["2024-02-29T13:13:33.547", "DEBUG", "ubuntupro.config", "parse_config", 633, "Using client configuration file at /etc/ubuntu-advantage/uaclient.conf", {}]
["2024-02-29T13:13:33.547", "DEBUG", "ubuntupro.system", "load_file", 517, "Reading file: /etc/ubuntu-advantage/uaclient.conf", {}]
["2024-02-29T13:13:33.548", "DEBUG", "ubuntupro.files.files", "read", 60, "Tried to load /var/lib/ubuntu-advantage/user-config.json but file does not exist", {}]
["2024-02-29T13:13:33.555", "DEBUG", "ubuntupro.http", "configure_web_proxy", 146, "Setting no_proxy: 169.254.169.254,[fd00:ec2::254],metadata", {}]
["2024-02-29T13:13:33.555", "DEBUG", "ubuntupro.http", "configure_web_proxy", 154, "Setting global proxy dict", {}]
["2024-02-29T13:13:33.555", "DEBUG", "ubuntupro.cli", "main", 1821, "Executed with sys.argv: ['/usr/bin/pro', 'security-status', '--format=json']", {}]
["2024-02-29T13:13:33.555", "DEBUG", "ubuntupro.files.files", "read", 60, "Tried to load /var/lib/ubuntu-advantage/machine-token.json but file does not exist", {}]
["2024-02-29T13:13:33.832", "DEBUG", "ubuntupro.system", "load_file", 517, "Reading file: /etc/os-release", {}]
["2024-02-29T13:13:33.845", "DEBUG", "ubuntupro.system", "load_file", 517, "Reading file: /var/run/reboot-required.pkgs", {}]
["2024-02-29T13:13:33.846", "DEBUG", "ubuntupro.system", "load_file", 517, "Reading file: /var/run/reboot-required.pkgs", {}]
["2024-02-29T13:13:33.846", "DEBUG", "ubuntupro.livepatch", "status", 126, "canonical-livepatch is not installed", {}]
["2024-02-29T13:13:33.846", "DEBUG", "ubuntupro.livepatch", "status", 126, "canonical-livepatch is not installed", {}]
["2024-02-29T13:13:33.846", "DEBUG", "ubuntupro.system", "load_file", 517, "Reading file: /proc/version_signature", {}]
["2024-02-29T13:13:33.848", "WARNING", "ubuntupro.system", "_get_kernel_build_date", 131, "Unable to parse build date from uname version", {}]
["2024-02-29T13:13:33.855", "WARNING", "ubuntupro.system", "_get_kernel_changelog_timestamp", 104, "Falling back to using timestamp of kernel changelog", {}]
["2024-03-07T14:44:30.214", "DEBUG", "ubuntupro.config", "parse_config", 633, "Using client configuration file at /etc/ubuntu-advantage/uaclient.conf", {}]
["2024-03-07T14:44:30.214", "DEBUG", "ubuntupro.system", "load_file", 517, "Reading file: /etc/ubuntu-advantage/uaclient.conf", {}]
["2024-03-07T14:44:30.215", "DEBUG", "ubuntupro.files.files", "read", 60, "Tried to load /var/lib/ubuntu-advantage/user-config.json but file does not exist", {}]
["2024-03-07T14:44:30.224", "DEBUG", "ubuntupro.http", "configure_web_proxy", 146, "Setting no_proxy: 169.254.169.254,[fd00:ec2::254],metadata", {}]
["2024-03-07T14:44:30.224", "DEBUG", "ubuntupro.http", "configure_web_proxy", 154, "Setting global proxy dict", {}]
["2024-03-07T14:44:30.224", "DEBUG", "ubuntupro.cli", "main", 1821, "Executed with sys.argv: ['/usr/bin/pro', 'security-status', '--format=json']", {}]
["2024-03-07T14:44:30.224", "DEBUG", "ubuntupro.files.files", "read", 60, "Tried to load /var/lib/ubuntu-advantage/machine-token.json but file does not exist", {}]
["2024-03-07T14:44:30.460", "DEBUG", "ubuntupro.system", "load_file", 517, "Reading file: /etc/os-release", {}]
["2024-03-07T14:44:30.472", "DEBUG", "ubuntupro.system", "load_file", 517, "Reading file: /var/run/reboot-required.pkgs", {}]
["2024-03-07T14:44:30.472", "DEBUG", "ubuntupro.system", "load_file", 517, "Reading file: /var/run/reboot-required.pkgs", {}]
["2024-03-07T14:44:30.472", "DEBUG", "ubuntupro.livepatch", "status", 126, "canonical-livepatch is not installed", {}]
["2024-03-07T14:44:30.472", "DEBUG", "ubuntupro.livepatch", "status", 126, "canonical-livepatch is not installed", {}]
["2024-03-07T14:44:30.472", "DEBUG", "ubuntupro.system", "load_file", 517, "Reading file: /proc/version_signature", {}]
["2024-03-07T14:44:30.474", "WARNING", "ubuntupro.system", "_get_kernel_build_date", 131, "Unable to parse build date from uname version", {}]
["2024-03-07T14:44:30.479", "WARNING", "ubuntupro.system", "_get_kernel_changelog_timestamp", 104, "Falling back to using timestamp of kernel changelog", {}]
["2024-03-14T14:53:58.284", "DEBUG", "ubuntupro.config", "parse_config", 633, "Using client configuration file at /etc/ubuntu-advantage/uaclient.conf", {}]
["2024-03-14T14:53:58.284", "DEBUG", "ubuntupro.system", "load_file", 517, "Reading file: /etc/ubuntu-advantage/uaclient.conf", {}]
["2024-03-14T14:53:58.285", "DEBUG", "ubuntupro.files.files", "read", 60, "Tried to load /var/lib/ubuntu-advantage/user-config.json but file does not exist", {}]
["2024-03-14T14:53:58.290", "DEBUG", "ubuntupro.http", "configure_web_proxy", 146, "Setting no_proxy: 169.254.169.254,[fd00:ec2::254],metadata", {}]
["2024-03-14T14:53:58.290", "DEBUG", "ubuntupro.http", "configure_web_proxy", 154, "Setting global proxy dict", {}]
["2024-03-14T14:53:58.290", "DEBUG", "ubuntupro.cli", "main", 1821, "Executed with sys.argv: ['/usr/bin/pro', 'security-status', '--format=json']", {}]
["2024-03-14T14:53:58.290", "DEBUG", "ubuntupro.files.files", "read", 60, "Tried to load /var/lib/ubuntu-advantage/machine-token.json but file does not exist", {}]
["2024-03-14T14:53:58.520", "DEBUG", "ubuntupro.system", "load_file", 517, "Reading file: /etc/os-release", {}]
["2024-03-14T14:53:58.531", "DEBUG", "ubuntupro.system", "load_file", 517, "Reading file: /var/run/reboot-required.pkgs", {}]
["2024-03-14T14:53:58.531", "DEBUG", "ubuntupro.system", "load_file", 517, "Reading file: /var/run/reboot-required.pkgs", {}]
["2024-03-14T14:53:58.531", "DEBUG", "ubuntupro.livepatch", "status", 126, "canonical-livepatch is not installed", {}]
["2024-03-14T14:53:58.531", "DEBUG", "ubuntupro.livepatch", "status", 126, "canonical-livepatch is not installed", {}]
["2024-03-14T14:53:58.531", "DEBUG", "ubuntupro.system", "load_file", 517, "Reading file: /proc/version_signature", {}]
["2024-03-14T14:53:58.533", "WARNING", "ubuntupro.system", "_get_kernel_build_date", 131, "Unable to parse build date from uname version", {}]
["2024-03-14T14:53:58.538", "WARNING", "ubuntupro.system", "_get_kernel_changelog_timestamp", 104, "Falling back to using timestamp of kernel changelog", {}]
["2024-03-27T13:21:48.419", "DEBUG", "ubuntupro.config", "parse_config", 633, "Using client configuration file at /etc/ubuntu-advantage/uaclient.conf", {}]
["2024-03-27T13:21:48.419", "DEBUG", "ubuntupro.system", "load_file", 517, "Reading file: /etc/ubuntu-advantage/uaclient.conf", {}]
["2024-03-27T13:21:48.419", "DEBUG", "ubuntupro.files.files", "read", 60, "Tried to load /var/lib/ubuntu-advantage/user-config.json but file does not exist", {}]
["2024-03-27T13:21:48.426", "DEBUG", "ubuntupro.http", "configure_web_proxy", 146, "Setting no_proxy: 169.254.169.254,[fd00:ec2::254],metadata", {}]
["2024-03-27T13:21:48.426", "DEBUG", "ubuntupro.http", "configure_web_proxy", 154, "Setting global proxy dict", {}]
["2024-03-27T13:21:48.426", "DEBUG", "ubuntupro.cli", "main", 1821, "Executed with sys.argv: ['/usr/bin/pro', 'security-status', '--format=json']", {}]
["2024-03-27T13:21:48.426", "DEBUG", "ubuntupro.files.files", "read", 60, "Tried to load /var/lib/ubuntu-advantage/machine-token.json but file does not exist", {}]
["2024-03-27T13:21:48.654", "DEBUG", "ubuntupro.system", "load_file", 517, "Reading file: /etc/os-release", {}]
["2024-03-27T13:21:48.665", "DEBUG", "ubuntupro.livepatch", "status", 126, "canonical-livepatch is not installed", {}]
["2024-03-27T13:21:48.665", "DEBUG", "ubuntupro.livepatch", "status", 126, "canonical-livepatch is not installed", {}]
["2024-03-27T13:21:48.665", "DEBUG", "ubuntupro.system", "load_file", 517, "Reading file: /proc/version_signature", {}]
["2024-03-27T13:21:48.666", "WARNING", "ubuntupro.system", "_get_kernel_build_date", 131, "Unable to parse build date from uname version", {}]
["2024-03-27T13:21:48.671", "WARNING", "ubuntupro.system", "_get_kernel_changelog_timestamp", 104, "Falling back to using timestamp of kernel changelog", {}]
["2024-04-05T15:42:06.879", "DEBUG", "ubuntupro.config", "parse_config", 633, "Using client configuration file at /etc/ubuntu-advantage/uaclient.conf", {}]
["2024-04-05T15:42:06.880", "DEBUG", "ubuntupro.system", "load_file", 517, "Reading file: /etc/ubuntu-advantage/uaclient.conf", {}]
["2024-04-05T15:42:06.880", "DEBUG", "ubuntupro.files.files", "read", 60, "Tried to load /var/lib/ubuntu-advantage/user-config.json but file does not exist", {}]
["2024-04-05T15:42:06.885", "DEBUG", "ubuntupro.http", "configure_web_proxy", 146, "Setting no_proxy: 169.254.169.254,[fd00:ec2::254],metadata", {}]
["2024-04-05T15:42:06.885", "DEBUG", "ubuntupro.http", "configure_web_proxy", 154, "Setting global proxy dict", {}]
["2024-04-05T15:42:06.885", "DEBUG", "ubuntupro.cli", "main", 1821, "Executed with sys.argv: ['/usr/bin/pro', 'security-status', '--format=json']", {}]
["2024-04-05T15:42:06.885", "DEBUG", "ubuntupro.files.files", "read", 60, "Tried to load /var/lib/ubuntu-advantage/machine-token.json but file does not exist", {}]
["2024-04-05T15:42:07.116", "DEBUG", "ubuntupro.system", "load_file", 517, "Reading file: /etc/os-release", {}]
["2024-04-05T15:42:07.126", "DEBUG", "ubuntupro.livepatch", "status", 126, "canonical-livepatch is not installed", {}]
["2024-04-05T15:42:07.127", "DEBUG", "ubuntupro.livepatch", "status", 126, "canonical-livepatch is not installed", {}]
["2024-04-05T15:42:07.127", "DEBUG", "ubuntupro.system", "load_file", 517, "Reading file: /proc/version_signature", {}]
["2024-04-05T15:42:07.128", "WARNING", "ubuntupro.system", "_get_kernel_build_date", 131, "Unable to parse build date from uname version", {}]
["2024-04-05T15:42:07.133", "WARNING", "ubuntupro.system", "_get_kernel_changelog_timestamp", 104, "Falling back to using timestamp of kernel changelog", {}]
["2024-05-16T14:06:46.996", "DEBUG", "ubuntupro.config", "parse_config", 633, "Using client configuration file at /etc/ubuntu-advantage/uaclient.conf", {}]
["2024-05-16T14:06:46.996", "DEBUG", "ubuntupro.system", "load_file", 517, "Reading file: /etc/ubuntu-advantage/uaclient.conf", {}]
["2024-05-16T14:06:46.997", "DEBUG", "ubuntupro.files.files", "read", 60, "Tried to load /var/lib/ubuntu-advantage/user-config.json but file does not exist", {}]
["2024-05-16T14:06:47.003", "DEBUG", "ubuntupro.http", "configure_web_proxy", 146, "Setting no_proxy: 169.254.169.254,[fd00:ec2::254],metadata", {}]
["2024-05-16T14:06:47.003", "DEBUG", "ubuntupro.http", "configure_web_proxy", 154, "Setting global proxy dict", {}]
["2024-05-16T14:06:47.003", "DEBUG", "ubuntupro.cli", "main", 1821, "Executed with sys.argv: ['/usr/bin/pro', 'security-status', '--format=json']", {}]
["2024-05-16T14:06:47.003", "DEBUG", "ubuntupro.files.files", "read", 60, "Tried to load /var/lib/ubuntu-advantage/machine-token.json but file does not exist", {}]
["2024-05-16T14:06:47.237", "DEBUG", "ubuntupro.system", "load_file", 517, "Reading file: /etc/os-release", {}]
["2024-05-16T14:06:47.248", "DEBUG", "ubuntupro.livepatch", "status", 126, "canonical-livepatch is not installed", {}]
["2024-05-16T14:06:47.248", "DEBUG", "ubuntupro.livepatch", "status", 126, "canonical-livepatch is not installed", {}]
["2024-05-16T14:06:47.248", "DEBUG", "ubuntupro.system", "load_file", 517, "Reading file: /proc/version_signature", {}]
["2024-05-16T14:06:47.250", "WARNING", "ubuntupro.system", "_get_kernel_build_date", 131, "Unable to parse build date from uname version", {}]
["2024-05-16T14:06:47.256", "WARNING", "ubuntupro.system", "_get_kernel_changelog_timestamp", 104, "Falling back to using timestamp of kernel changelog", {}]
["2024-06-06T21:08:08.659", "DEBUG", "ubuntupro.config", "parse_config", 633, "Using client configuration file at /etc/ubuntu-advantage/uaclient.conf", {}]
["2024-06-06T21:08:08.659", "DEBUG", "ubuntupro.system", "load_file", 517, "Reading file: /etc/ubuntu-advantage/uaclient.conf", {}]
["2024-06-06T21:08:08.659", "DEBUG", "ubuntupro.files.files", "read", 60, "Tried to load /var/lib/ubuntu-advantage/user-config.json but file does not exist", {}]
["2024-06-06T21:08:08.665", "DEBUG", "ubuntupro.http", "configure_web_proxy", 146, "Setting no_proxy: 169.254.169.254,[fd00:ec2::254],metadata", {}]
["2024-06-06T21:08:08.665", "DEBUG", "ubuntupro.http", "configure_web_proxy", 154, "Setting global proxy dict", {}]
["2024-06-06T21:08:08.666", "DEBUG", "ubuntupro.cli", "main", 1821, "Executed with sys.argv: ['/usr/bin/pro', 'security-status', '--format=json']", {}]
["2024-06-06T21:08:08.666", "DEBUG", "ubuntupro.files.files", "read", 60, "Tried to load /var/lib/ubuntu-advantage/machine-token.json but file does not exist", {}]
["2024-06-06T21:08:08.911", "DEBUG", "ubuntupro.system", "load_file", 517, "Reading file: /etc/os-release", {}]
["2024-06-06T21:08:08.922", "DEBUG", "ubuntupro.livepatch", "status", 126, "canonical-livepatch is not installed", {}]
["2024-06-06T21:08:08.922", "DEBUG", "ubuntupro.livepatch", "status", 126, "canonical-livepatch is not installed", {}]
["2024-06-06T21:08:08.922", "DEBUG", "ubuntupro.system", "load_file", 517, "Reading file: /proc/version_signature", {}]
["2024-06-06T21:08:08.924", "WARNING", "ubuntupro.system", "_get_kernel_build_date", 131, "Unable to parse build date from uname version", {}]
["2024-06-06T21:08:08.931", "WARNING", "ubuntupro.system", "_get_kernel_changelog_timestamp", 104, "Falling back to using timestamp of kernel changelog", {}]
["2024-06-17T16:11:15.449", "DEBUG", "ubuntupro.config", "parse_config", 491, "Using client configuration file at /etc/ubuntu-advantage/uaclient.conf", {}]
["2024-06-17T16:11:15.452", "DEBUG", "ubuntupro.system", "load_file", 522, "Reading file: /etc/ubuntu-advantage/uaclient.conf", {}]
["2024-06-17T16:11:15.452", "DEBUG", "ubuntupro.files.files", "read", 67, "Tried to load /var/lib/ubuntu-advantage/user-config.json but file does not exist", {}]
["2024-06-17T16:11:15.458", "DEBUG", "ubuntupro.http", "configure_web_proxy", 146, "Setting no_proxy: 169.254.169.254,[fd00:ec2::254],metadata", {}]
["2024-06-17T16:11:15.458", "DEBUG", "ubuntupro.http", "configure_web_proxy", 154, "Setting global proxy dict", {}]
["2024-06-17T16:11:15.458", "DEBUG", "ubuntupro.cli", "main", 1428, "Executed with sys.argv: ['/usr/bin/pro', 'security-status', '--format=json']", {}]
["2024-06-17T16:11:15.458", "DEBUG", "ubuntupro.files.files", "read", 67, "Tried to load /var/lib/ubuntu-advantage/machine-token.json but file does not exist", {}]
["2024-06-17T16:11:15.701", "DEBUG", "ubuntupro.system", "load_file", 522, "Reading file: /etc/os-release", {}]
["2024-06-17T16:11:15.722", "DEBUG", "ubuntupro.livepatch", "status", 126, "canonical-livepatch is not installed", {}]
["2024-06-17T16:11:15.722", "DEBUG", "ubuntupro.livepatch", "status", 126, "canonical-livepatch is not installed", {}]
["2024-06-17T16:11:15.722", "DEBUG", "ubuntupro.system", "load_file", 522, "Reading file: /proc/version_signature", {}]
["2024-06-17T16:11:15.723", "WARNING", "ubuntupro.system", "_get_kernel_build_date", 131, "Unable to parse build date from uname version", {}]
["2024-06-17T16:11:15.727", "WARNING", "ubuntupro.system", "_get_kernel_changelog_timestamp", 104, "Falling back to using timestamp of kernel changelog", {}]
["2024-06-17T16:33:02.469", "DEBUG", "ubuntupro.config", "parse_config", 491, "Using client configuration file at /etc/ubuntu-advantage/uaclient.conf", {}]
["2024-06-17T16:33:02.471", "DEBUG", "ubuntupro.system", "load_file", 522, "Reading file: /etc/ubuntu-advantage/uaclient.conf", {}]
["2024-06-17T16:33:02.471", "DEBUG", "ubuntupro.files.files", "read", 67, "Tried to load /var/lib/ubuntu-advantage/user-config.json but file does not exist", {}]
["2024-06-17T16:33:02.477", "DEBUG", "ubuntupro.http", "configure_web_proxy", 146, "Setting no_proxy: 169.254.169.254,[fd00:ec2::254],metadata", {}]
["2024-06-17T16:33:02.477", "DEBUG", "ubuntupro.http", "configure_web_proxy", 154, "Setting global proxy dict", {}]
["2024-06-17T16:33:02.477", "DEBUG", "ubuntupro.cli", "main", 1428, "Executed with sys.argv: ['/usr/bin/pro', 'security-status', '--format=json']", {}]
["2024-06-17T16:33:02.477", "DEBUG", "ubuntupro.files.files", "read", 67, "Tried to load /var/lib/ubuntu-advantage/machine-token.json but file does not exist", {}]
["2024-06-17T16:33:02.719", "DEBUG", "ubuntupro.system", "load_file", 522, "Reading file: /etc/os-release", {}]
["2024-06-17T16:33:02.730", "DEBUG", "ubuntupro.livepatch", "status", 126, "canonical-livepatch is not installed", {}]
["2024-06-17T16:33:02.730", "DEBUG", "ubuntupro.livepatch", "status", 126, "canonical-livepatch is not installed", {}]
["2024-06-17T16:33:02.730", "DEBUG", "ubuntupro.system", "load_file", 522, "Reading file: /proc/version_signature", {}]
["2024-06-17T16:33:02.731", "WARNING", "ubuntupro.system", "_get_kernel_build_date", 131, "Unable to parse build date from uname version", {}]
["2024-06-17T16:33:02.735", "WARNING", "ubuntupro.system", "_get_kernel_changelog_timestamp", 104, "Falling back to using timestamp of kernel changelog", {}]
["2024-06-17T16:34:54.656", "DEBUG", "ubuntupro.config", "parse_config", 491, "Using client configuration file at /etc/ubuntu-advantage/uaclient.conf", {}]
["2024-06-17T16:34:54.658", "DEBUG", "ubuntupro.system", "load_file", 522, "Reading file: /etc/ubuntu-advantage/uaclient.conf", {}]
["2024-06-17T16:34:54.659", "DEBUG", "ubuntupro.files.files", "read", 67, "Tried to load /var/lib/ubuntu-advantage/user-config.json but file does not exist", {}]
["2024-06-17T16:34:54.665", "DEBUG", "ubuntupro.http", "configure_web_proxy", 146, "Setting no_proxy: 169.254.169.254,[fd00:ec2::254],metadata", {}]
["2024-06-17T16:34:54.666", "DEBUG", "ubuntupro.http", "configure_web_proxy", 154, "Setting global proxy dict", {}]
["2024-06-17T16:34:54.666", "DEBUG", "ubuntupro.cli", "main", 1428, "Executed with sys.argv: ['/usr/bin/pro', 'security-status', '--format=json']", {}]
["2024-06-17T16:34:54.666", "DEBUG", "ubuntupro.files.files", "read", 67, "Tried to load /var/lib/ubuntu-advantage/machine-token.json but file does not exist", {}]
["2024-06-17T16:34:54.919", "DEBUG", "ubuntupro.system", "load_file", 522, "Reading file: /etc/os-release", {}]
["2024-06-17T16:34:54.930", "DEBUG", "ubuntupro.livepatch", "status", 126, "canonical-livepatch is not installed", {}]
["2024-06-17T16:34:54.930", "DEBUG", "ubuntupro.livepatch", "status", 126, "canonical-livepatch is not installed", {}]
["2024-06-17T16:34:54.931", "DEBUG", "ubuntupro.system", "load_file", 522, "Reading file: /proc/version_signature", {}]
["2024-06-17T16:34:54.932", "WARNING", "ubuntupro.system", "_get_kernel_build_date", 131, "Unable to parse build date from uname version", {}]
["2024-06-17T16:34:54.936", "WARNING", "ubuntupro.system", "_get_kernel_changelog_timestamp", 104, "Falling back to using timestamp of kernel changelog", {}]
["2024-06-28T15:45:29.889", "DEBUG", "ubuntupro.config", "parse_config", 491, "Using client configuration file at /etc/ubuntu-advantage/uaclient.conf", {}]
["2024-06-28T15:45:29.891", "DEBUG", "ubuntupro.system", "load_file", 522, "Reading file: /etc/ubuntu-advantage/uaclient.conf", {}]
["2024-06-28T15:45:29.892", "DEBUG", "ubuntupro.files.files", "read", 67, "Tried to load /var/lib/ubuntu-advantage/user-config.json but file does not exist", {}]
["2024-06-28T15:45:29.898", "DEBUG", "ubuntupro.http", "configure_web_proxy", 146, "Setting no_proxy: 169.254.169.254,[fd00:ec2::254],metadata", {}]
["2024-06-28T15:45:29.899", "DEBUG", "ubuntupro.http", "configure_web_proxy", 154, "Setting global proxy dict", {}]
["2024-06-28T15:45:29.899", "DEBUG", "ubuntupro.cli", "main", 1428, "Executed with sys.argv: ['/usr/bin/pro', 'security-status', '--format=json']", {}]
["2024-06-28T15:45:29.899", "DEBUG", "ubuntupro.files.files", "read", 67, "Tried to load /var/lib/ubuntu-advantage/machine-token.json but file does not exist", {}]
["2024-06-28T15:45:30.227", "DEBUG", "ubuntupro.system", "load_file", 522, "Reading file: /etc/os-release", {}]
["2024-06-28T15:45:30.249", "DEBUG", "ubuntupro.livepatch", "status", 126, "canonical-livepatch is not installed", {}]
["2024-06-28T15:45:30.249", "DEBUG", "ubuntupro.livepatch", "status", 126, "canonical-livepatch is not installed", {}]
["2024-06-28T15:45:30.249", "DEBUG", "ubuntupro.system", "load_file", 522, "Reading file: /proc/version_signature", {}]
["2024-06-28T15:45:30.252", "WARNING", "ubuntupro.system", "_get_kernel_build_date", 131, "Unable to parse build date from uname version", {}]
["2024-06-28T15:45:30.256", "WARNING", "ubuntupro.system", "_get_kernel_changelog_timestamp", 104, "Falling back to using timestamp of kernel changelog", {}]
