0 verbose cli [
0 verbose cli   '/usr/bin/node',
0 verbose cli   '/usr/share/nodejs/npm/bin/npm-cli.js',
0 verbose cli   'exec',
0 verbose cli   '--',
0 verbose cli   'create-react-app',
0 verbose cli   'lottery-dapp'
0 verbose cli ]
1 info using npm@8.5.1
2 info using node@v12.22.9
3 timing npm:load:whichnode Completed in 0ms
4 timing config:load:defaults Completed in 2ms
5 timing config:load:file:/usr/share/nodejs/npm/npmrc Completed in 1ms
6 timing config:load:builtin Completed in 1ms
7 timing config:load:cli Completed in 1ms
8 timing config:load:env Completed in 1ms
9 timing config:load:project Completed in 0ms
10 timing config:load:file:/home/sk02352/.npmrc Completed in 0ms
11 timing config:load:user Completed in 0ms
12 timing config:load:file:/etc/npmrc Completed in 1ms
13 timing config:load:global Completed in 1ms
14 timing config:load:validate Completed in 0ms
15 timing config:load:credentials Completed in 0ms
16 timing config:load:setEnvs Completed in 1ms
17 timing config:load Completed in 7ms
18 timing npm:load:configload Completed in 7ms
19 timing npm:load:setTitle Completed in 0ms
20 timing config:load:flatten Completed in 2ms
21 timing npm:load:display Completed in 3ms
22 verbose logfile /home/sk02352/.npm/_logs/2024-06-28T15_28_01_179Z-debug-0.log
23 timing npm:load:logFile Completed in 3ms
24 timing npm:load:timers Completed in 0ms
25 timing npm:load:configScope Completed in 0ms
26 timing npm:load Completed in 14ms
27 http fetch GET 200 https://registry.npmjs.org/create-react-app 676ms (cache miss)
28 timing arborist:ctor Completed in 1ms
29 timing arborist:ctor Completed in 0ms
30 timing arborist:ctor Completed in 0ms
31 timing idealTree:init Completed in 8ms
32 timing idealTree:userRequests Completed in 2ms
33 silly idealTree buildDeps
34 silly fetch manifest create-react-app@*
35 http fetch GET 200 https://registry.npmjs.org/create-react-app 70ms (cache miss)
36 silly placeDep ROOT create-react-app@5.0.1 OK for:  want: *
37 silly fetch manifest chalk@^4.1.2
38 silly fetch manifest commander@^4.1.1
39 silly fetch manifest cross-spawn@^7.0.3
40 silly fetch manifest envinfo@^7.8.1
41 silly fetch manifest fs-extra@^10.0.0
42 silly fetch manifest hyperquest@^2.1.3
43 silly fetch manifest prompts@^2.4.2
44 silly fetch manifest semver@^7.3.5
45 silly fetch manifest tar-pack@^3.4.1
46 silly fetch manifest tmp@^0.2.1
47 silly fetch manifest validate-npm-package-name@^3.0.0
48 http fetch GET 200 https://registry.npmjs.org/chalk 113ms (cache miss)
49 http fetch GET 200 https://registry.npmjs.org/tmp 110ms (cache miss)
50 http fetch GET 200 https://registry.npmjs.org/prompts 115ms (cache miss)
51 http fetch GET 200 https://registry.npmjs.org/fs-extra 121ms (cache miss)
52 http fetch GET 200 https://registry.npmjs.org/cross-spawn 127ms (cache miss)
53 http fetch GET 200 https://registry.npmjs.org/semver 125ms (cache miss)
54 http fetch GET 200 https://registry.npmjs.org/commander 131ms (cache miss)
55 http fetch GET 200 https://registry.npmjs.org/envinfo 132ms (cache miss)
56 http fetch GET 200 https://registry.npmjs.org/hyperquest 612ms (cache miss)
57 http fetch GET 200 https://registry.npmjs.org/tar-pack 611ms (cache miss)
58 http fetch GET 200 https://registry.npmjs.org/validate-npm-package-name 610ms (cache miss)
59 timing idealTree:#root Completed in 696ms
60 silly placeDep ROOT chalk@4.1.2 OK for: create-react-app@5.0.1 want: ^4.1.2
61 silly placeDep ROOT commander@4.1.1 OK for: create-react-app@5.0.1 want: ^4.1.1
62 silly placeDep ROOT cross-spawn@7.0.3 OK for: create-react-app@5.0.1 want: ^7.0.3
63 silly placeDep ROOT envinfo@7.13.0 OK for: create-react-app@5.0.1 want: ^7.8.1
64 silly placeDep ROOT fs-extra@10.1.0 OK for: create-react-app@5.0.1 want: ^10.0.0
65 silly placeDep ROOT hyperquest@2.1.3 OK for: create-react-app@5.0.1 want: ^2.1.3
66 silly placeDep ROOT prompts@2.4.2 OK for: create-react-app@5.0.1 want: ^2.4.2
67 silly placeDep ROOT semver@7.6.2 OK for: create-react-app@5.0.1 want: ^7.3.5
68 silly placeDep ROOT tar-pack@3.4.1 OK for: create-react-app@5.0.1 want: ^3.4.1
69 silly placeDep ROOT tmp@0.2.3 OK for: create-react-app@5.0.1 want: ^0.2.1
70 silly placeDep ROOT validate-npm-package-name@3.0.0 OK for: create-react-app@5.0.1 want: ^3.0.0
71 silly fetch manifest ansi-styles@^4.1.0
72 silly fetch manifest supports-color@^7.1.0
73 silly fetch manifest path-key@^3.1.0
74 silly fetch manifest shebang-command@^2.0.0
75 silly fetch manifest which@^2.0.1
76 silly fetch manifest graceful-fs@^4.2.0
77 silly fetch manifest jsonfile@^6.0.1
78 silly fetch manifest universalify@^2.0.0
79 silly fetch manifest buffer-from@^0.1.1
80 silly fetch manifest duplexer2@~0.0.2
81 silly fetch manifest through2@~0.6.3
82 silly fetch manifest kleur@^3.0.3
83 silly fetch manifest sisteransi@^1.0.5
84 silly fetch manifest debug@^2.2.0
85 silly fetch manifest fstream@^1.0.10
86 silly fetch manifest fstream-ignore@^1.0.5
87 silly fetch manifest once@^1.3.3
88 silly fetch manifest readable-stream@^2.1.4
89 silly fetch manifest rimraf@^2.5.1
90 silly fetch manifest tar@^2.2.1
91 silly fetch manifest uid-number@^0.0.6
92 silly fetch manifest builtins@^1.0.3
93 http fetch GET 200 https://registry.npmjs.org/path-key 64ms (cache miss)
94 http fetch GET 200 https://registry.npmjs.org/ansi-styles 68ms (cache miss)
95 http fetch GET 200 https://registry.npmjs.org/which 67ms (cache miss)
96 http fetch GET 200 https://registry.npmjs.org/supports-color 74ms (cache miss)
97 http fetch GET 200 https://registry.npmjs.org/shebang-command 79ms (cache miss)
98 http fetch GET 200 https://registry.npmjs.org/buffer-from 79ms (cache miss)
99 http fetch GET 200 https://registry.npmjs.org/jsonfile 81ms (cache miss)
100 http fetch GET 200 https://registry.npmjs.org/through2 83ms (cache miss)
101 http fetch GET 200 https://registry.npmjs.org/sisteransi 86ms (cache miss)
102 http fetch GET 200 https://registry.npmjs.org/debug 111ms (cache miss)
103 http fetch GET 200 https://registry.npmjs.org/once 111ms (cache miss)
104 http fetch GET 200 https://registry.npmjs.org/fstream-ignore 112ms (cache miss)
105 http fetch GET 200 https://registry.npmjs.org/fstream 114ms (cache miss)
106 http fetch GET 200 https://registry.npmjs.org/rimraf 114ms (cache miss)
107 http fetch GET 200 https://registry.npmjs.org/readable-stream 116ms (cache miss)
108 http fetch GET 200 https://registry.npmjs.org/kleur 123ms (cache miss)
109 http fetch GET 200 https://registry.npmjs.org/tar 124ms (cache miss)
110 http fetch GET 200 https://registry.npmjs.org/builtins 129ms (cache miss)
111 http fetch GET 200 https://registry.npmjs.org/uid-number 131ms (cache miss)
112 http fetch GET 200 https://registry.npmjs.org/universalify 593ms (cache miss)
113 http fetch GET 200 https://registry.npmjs.org/duplexer2 592ms (cache miss)
114 http fetch GET 200 https://registry.npmjs.org/graceful-fs 596ms (cache miss)
115 timing idealTree:node_modules/create-react-app Completed in 616ms
116 silly placeDep ROOT ansi-styles@4.3.0 OK for: chalk@4.1.2 want: ^4.1.0
117 silly placeDep ROOT supports-color@7.2.0 OK for: chalk@4.1.2 want: ^7.1.0
118 silly fetch manifest color-convert@^2.0.1
119 silly fetch manifest has-flag@^4.0.0
120 http fetch GET 200 https://registry.npmjs.org/has-flag 41ms (cache miss)
121 http fetch GET 200 https://registry.npmjs.org/color-convert 530ms (cache miss)
122 timing idealTree:node_modules/chalk Completed in 536ms
123 silly placeDep ROOT color-convert@2.0.1 OK for: ansi-styles@4.3.0 want: ^2.0.1
124 silly fetch manifest color-name@~1.1.4
125 http fetch GET 200 https://registry.npmjs.org/color-name 46ms (cache miss)
126 timing idealTree:node_modules/ansi-styles Completed in 51ms
127 silly placeDep ROOT color-name@1.1.4 OK for: color-convert@2.0.1 want: ~1.1.4
128 timing idealTree:node_modules/color-convert Completed in 3ms
129 timing idealTree:node_modules/color-name Completed in 0ms
130 timing idealTree:node_modules/commander Completed in 0ms
131 silly placeDep ROOT path-key@3.1.1 OK for: cross-spawn@7.0.3 want: ^3.1.0
132 silly placeDep ROOT shebang-command@2.0.0 OK for: cross-spawn@7.0.3 want: ^2.0.0
133 silly placeDep ROOT which@2.0.2 OK for: cross-spawn@7.0.3 want: ^2.0.1
134 silly fetch manifest shebang-regex@^3.0.0
135 silly fetch manifest isexe@^2.0.0
136 http fetch GET 200 https://registry.npmjs.org/isexe 47ms (cache miss)
137 http fetch GET 200 https://registry.npmjs.org/shebang-regex 49ms (cache miss)
138 timing idealTree:node_modules/cross-spawn Completed in 59ms
139 timing idealTree:node_modules/envinfo Completed in 0ms
140 silly placeDep ROOT graceful-fs@4.2.11 OK for: fs-extra@10.1.0 want: ^4.2.0
141 silly placeDep ROOT jsonfile@6.1.0 OK for: fs-extra@10.1.0 want: ^6.0.1
142 silly placeDep ROOT universalify@2.0.1 OK for: fs-extra@10.1.0 want: ^2.0.0
143 timing idealTree:node_modules/fs-extra Completed in 7ms
144 timing idealTree:node_modules/graceful-fs Completed in 0ms
145 silly placeDep ROOT buffer-from@0.1.2 OK for: hyperquest@2.1.3 want: ^0.1.1
146 silly placeDep ROOT duplexer2@0.0.2 OK for: hyperquest@2.1.3 want: ~0.0.2
147 silly placeDep ROOT through2@0.6.5 OK for: hyperquest@2.1.3 want: ~0.6.3
148 silly fetch manifest readable-stream@~1.1.9
149 silly fetch manifest readable-stream@>=1.0.33-1 <1.1.0-0
150 silly fetch manifest xtend@>=4.0.0 <4.1.0-0
151 http fetch GET 200 https://registry.npmjs.org/xtend 48ms (cache miss)
152 timing idealTree:node_modules/hyperquest Completed in 53ms
153 timing idealTree:node_modules/buffer-from Completed in 0ms
154 silly placeDep ROOT readable-stream@1.1.14 OK for: duplexer2@0.0.2 want: ~1.1.9
155 silly fetch manifest core-util-is@~1.0.0
156 silly fetch manifest isarray@0.0.1
157 silly fetch manifest string_decoder@~0.10.x
158 silly fetch manifest inherits@~2.0.1
159 http fetch GET 200 https://registry.npmjs.org/inherits 48ms (cache miss)
160 http fetch GET 200 https://registry.npmjs.org/string_decoder 50ms (cache miss)
161 http fetch GET 200 https://registry.npmjs.org/isarray 52ms (cache miss)
162 http fetch GET 200 https://registry.npmjs.org/core-util-is 58ms (cache miss)
163 timing idealTree:node_modules/duplexer2 Completed in 65ms
164 timing idealTree:node_modules/jsonfile Completed in 0ms
165 timing idealTree:node_modules/path-key Completed in 0ms
166 silly placeDep ROOT kleur@3.0.3 OK for: prompts@2.4.2 want: ^3.0.3
167 silly placeDep ROOT sisteransi@1.0.5 OK for: prompts@2.4.2 want: ^1.0.5
168 timing idealTree:node_modules/prompts Completed in 3ms
169 timing idealTree:node_modules/kleur Completed in 0ms
170 silly placeDep ROOT core-util-is@1.0.3 OK for: readable-stream@1.1.14 want: ~1.0.0
171 silly placeDep ROOT inherits@2.0.4 OK for: readable-stream@1.1.14 want: ~2.0.1
172 silly placeDep ROOT isarray@0.0.1 OK for: readable-stream@1.1.14 want: 0.0.1
173 silly placeDep ROOT string_decoder@0.10.31 OK for: readable-stream@1.1.14 want: ~0.10.x
174 timing idealTree:node_modules/readable-stream Completed in 4ms
175 timing idealTree:node_modules/core-util-is Completed in 0ms
176 timing idealTree:node_modules/inherits Completed in 0ms
177 timing idealTree:node_modules/isarray Completed in 0ms
178 timing idealTree:node_modules/semver Completed in 0ms
179 silly placeDep ROOT shebang-regex@3.0.0 OK for: shebang-command@2.0.0 want: ^3.0.0
180 timing idealTree:node_modules/shebang-command Completed in 1ms
181 timing idealTree:node_modules/shebang-regex Completed in 0ms
182 timing idealTree:node_modules/sisteransi Completed in 0ms
183 timing idealTree:node_modules/string_decoder Completed in 0ms
184 silly placeDep ROOT has-flag@4.0.0 OK for: supports-color@7.2.0 want: ^4.0.0
185 timing idealTree:node_modules/supports-color Completed in 0ms
186 timing idealTree:node_modules/has-flag Completed in 0ms
187 silly placeDep ROOT debug@2.6.9 OK for: tar-pack@3.4.1 want: ^2.2.0
188 silly placeDep ROOT fstream@1.0.12 OK for: tar-pack@3.4.1 want: ^1.0.10
189 silly placeDep ROOT fstream-ignore@1.0.5 OK for: tar-pack@3.4.1 want: ^1.0.5
190 silly placeDep ROOT once@1.4.0 OK for: tar-pack@3.4.1 want: ^1.3.3
191 silly placeDep node_modules/tar-pack readable-stream@2.3.8 OK for: tar-pack@3.4.1 want: ^2.1.4
192 silly placeDep ROOT rimraf@2.7.1 OK for: tar-pack@3.4.1 want: ^2.5.1
193 silly placeDep ROOT tar@2.2.2 OK for: tar-pack@3.4.1 want: ^2.2.1
194 silly placeDep ROOT uid-number@0.0.6 OK for: tar-pack@3.4.1 want: ^0.0.6
195 silly fetch manifest ms@2.0.0
196 silly fetch manifest mkdirp@>=0.5 0
197 silly fetch manifest minimatch@^3.0.0
198 silly fetch manifest wrappy@1
199 silly fetch manifest isarray@~1.0.0
200 silly fetch manifest process-nextick-args@~2.0.0
201 silly fetch manifest safe-buffer@~5.1.1
202 silly fetch manifest string_decoder@~1.1.1
203 silly fetch manifest util-deprecate@~1.0.1
204 silly fetch manifest glob@^7.1.3
205 silly fetch manifest block-stream@*
206 http fetch GET 200 https://registry.npmjs.org/util-deprecate 64ms (cache miss)
207 http fetch GET 200 https://registry.npmjs.org/process-nextick-args 66ms (cache miss)
208 http fetch GET 200 https://registry.npmjs.org/safe-buffer 66ms (cache miss)
209 http fetch GET 200 https://registry.npmjs.org/wrappy 67ms (cache miss)
210 http fetch GET 200 https://registry.npmjs.org/block-stream 66ms (cache miss)
211 http fetch GET 200 https://registry.npmjs.org/ms 71ms (cache miss)
212 http fetch GET 200 https://registry.npmjs.org/mkdirp 74ms (cache miss)
213 http fetch GET 200 https://registry.npmjs.org/minimatch 75ms (cache miss)
214 http fetch GET 200 https://registry.npmjs.org/glob 74ms (cache miss)
215 timing idealTree:node_modules/tar-pack Completed in 89ms
216 silly placeDep ROOT ms@2.0.0 OK for: debug@2.6.9 want: 2.0.0
217 timing idealTree:node_modules/debug Completed in 1ms
218 silly placeDep ROOT mkdirp@0.5.6 OK for: fstream@1.0.12 want: >=0.5 0
219 silly fetch manifest minimist@^1.2.6
220 http fetch GET 200 https://registry.npmjs.org/minimist 46ms (cache miss)
221 timing idealTree:node_modules/fstream Completed in 49ms
222 silly placeDep ROOT minimatch@3.1.2 OK for: fstream-ignore@1.0.5 want: ^3.0.0
223 silly fetch manifest brace-expansion@^1.1.7
224 http fetch GET 200 https://registry.npmjs.org/brace-expansion 54ms (cache miss)
225 timing idealTree:node_modules/fstream-ignore Completed in 60ms
226 silly placeDep ROOT brace-expansion@1.1.11 OK for: minimatch@3.1.2 want: ^1.1.7
227 silly fetch manifest balanced-match@^1.0.0
228 silly fetch manifest concat-map@0.0.1
229 http fetch GET 200 https://registry.npmjs.org/balanced-match 40ms (cache miss)
230 http fetch GET 200 https://registry.npmjs.org/concat-map 68ms (cache miss)
231 timing idealTree:node_modules/minimatch Completed in 74ms
232 silly placeDep ROOT balanced-match@1.0.2 OK for: brace-expansion@1.1.11 want: ^1.0.0
233 silly placeDep ROOT concat-map@0.0.1 OK for: brace-expansion@1.1.11 want: 0.0.1
234 timing idealTree:node_modules/brace-expansion Completed in 5ms
235 timing idealTree:node_modules/balanced-match Completed in 0ms
236 timing idealTree:node_modules/concat-map Completed in 0ms
237 silly placeDep ROOT minimist@1.2.8 OK for: mkdirp@0.5.6 want: ^1.2.6
238 timing idealTree:node_modules/mkdirp Completed in 6ms
239 timing idealTree:node_modules/minimist Completed in 0ms
240 timing idealTree:node_modules/ms Completed in 0ms
241 silly placeDep ROOT wrappy@1.0.2 OK for: once@1.4.0 want: 1
242 timing idealTree:node_modules/once Completed in 3ms
243 silly placeDep ROOT glob@7.2.3 OK for: rimraf@2.7.1 want: ^7.1.3
244 silly fetch manifest inflight@^1.0.4
245 silly fetch manifest fs.realpath@^1.0.0
246 silly fetch manifest path-is-absolute@^1.0.0
247 http fetch GET 200 https://registry.npmjs.org/path-is-absolute 44ms (cache miss)
248 http fetch GET 200 https://registry.npmjs.org/inflight 46ms (cache miss)
249 http fetch GET 200 https://registry.npmjs.org/fs.realpath 50ms (cache miss)
250 timing idealTree:node_modules/rimraf Completed in 55ms
251 silly placeDep ROOT fs.realpath@1.0.0 OK for: glob@7.2.3 want: ^1.0.0
252 silly placeDep ROOT inflight@1.0.6 OK for: glob@7.2.3 want: ^1.0.4
253 silly placeDep ROOT path-is-absolute@1.0.1 OK for: glob@7.2.3 want: ^1.0.0
254 timing idealTree:node_modules/glob Completed in 5ms
255 timing idealTree:node_modules/fs.realpath Completed in 0ms
256 timing idealTree:node_modules/inflight Completed in 0ms
257 timing idealTree:node_modules/path-is-absolute Completed in 0ms
258 silly placeDep ROOT block-stream@0.0.9 OK for: tar@2.2.2 want: *
259 timing idealTree:node_modules/tar Completed in 2ms
260 timing idealTree:node_modules/block-stream Completed in 0ms
261 silly placeDep node_modules/through2 readable-stream@1.0.34 OK for: through2@0.6.5 want: >=1.0.33-1 <1.1.0-0
262 silly placeDep ROOT xtend@4.0.2 OK for: through2@0.6.5 want: >=4.0.0 <4.1.0-0
263 timing idealTree:node_modules/through2 Completed in 2ms
264 timing idealTree:node_modules/tmp Completed in 0ms
265 timing idealTree:node_modules/uid-number Completed in 0ms
266 timing idealTree:node_modules/universalify Completed in 0ms
267 silly placeDep ROOT builtins@1.0.3 OK for: validate-npm-package-name@3.0.0 want: ^1.0.3
268 timing idealTree:node_modules/validate-npm-package-name Completed in 0ms
269 timing idealTree:node_modules/builtins Completed in 0ms
270 silly placeDep ROOT isexe@2.0.0 OK for: which@2.0.2 want: ^2.0.0
271 timing idealTree:node_modules/which Completed in 0ms
272 timing idealTree:node_modules/isexe Completed in 0ms
273 timing idealTree:node_modules/wrappy Completed in 0ms
274 timing idealTree:node_modules/xtend Completed in 0ms
275 silly placeDep node_modules/tar-pack isarray@1.0.0 OK for: readable-stream@2.3.8 want: ~1.0.0
276 silly placeDep ROOT process-nextick-args@2.0.1 OK for: readable-stream@2.3.8 want: ~2.0.0
277 silly placeDep ROOT safe-buffer@5.1.2 OK for: readable-stream@2.3.8 want: ~5.1.1
278 silly placeDep node_modules/tar-pack string_decoder@1.1.1 OK for: readable-stream@2.3.8 want: ~1.1.1
279 silly placeDep ROOT util-deprecate@1.0.2 OK for: readable-stream@2.3.8 want: ~1.0.1
280 timing idealTree:node_modules/tar-pack/node_modules/readable-stream Completed in 5ms
281 timing idealTree:node_modules/process-nextick-args Completed in 0ms
282 timing idealTree:node_modules/safe-buffer Completed in 0ms
283 timing idealTree:node_modules/util-deprecate Completed in 0ms
284 timing idealTree:node_modules/tar-pack/node_modules/isarray Completed in 0ms
285 timing idealTree:node_modules/tar-pack/node_modules/string_decoder Completed in 0ms
286 timing idealTree:node_modules/through2/node_modules/readable-stream Completed in 0ms
287 timing idealTree:buildDeps Completed in 2455ms
288 timing idealTree:fixDepFlags Completed in 0ms
289 warn EBADENGINE Unsupported engine {
289 warn EBADENGINE   package: 'create-react-app@5.0.1',
289 warn EBADENGINE   required: { node: '>=14' },
289 warn EBADENGINE   current: { node: 'v12.22.9', npm: '8.5.1' }
289 warn EBADENGINE }
290 warn EBADENGINE Unsupported engine {
290 warn EBADENGINE   package: 'tmp@0.2.3',
290 warn EBADENGINE   required: { node: '>=14.14' },
290 warn EBADENGINE   current: { node: 'v12.22.9', npm: '8.5.1' }
290 warn EBADENGINE }
291 timing idealTree Completed in 2470ms
292 timing reify:loadTrees Completed in 2470ms
293 timing reify:diffTrees Completed in 2ms
294 silly reify moves {}
295 timing reify:retireShallow Completed in 0ms
296 timing reify:createSparse Completed in 5ms
297 timing reify:loadBundles Completed in 0ms
298 silly audit bulk request {
298 silly audit   'create-react-app': [ '5.0.1' ],
298 silly audit   chalk: [ '4.1.2' ],
298 silly audit   commander: [ '4.1.1' ],
298 silly audit   'cross-spawn': [ '7.0.3' ],
298 silly audit   envinfo: [ '7.13.0' ],
298 silly audit   'fs-extra': [ '10.1.0' ],
298 silly audit   hyperquest: [ '2.1.3' ],
298 silly audit   prompts: [ '2.4.2' ],
298 silly audit   semver: [ '7.6.2' ],
298 silly audit   'tar-pack': [ '3.4.1' ],
298 silly audit   tmp: [ '0.2.3' ],
298 silly audit   'validate-npm-package-name': [ '3.0.0' ],
298 silly audit   'ansi-styles': [ '4.3.0' ],
298 silly audit   'supports-color': [ '7.2.0' ],
298 silly audit   'color-convert': [ '2.0.1' ],
298 silly audit   'color-name': [ '1.1.4' ],
298 silly audit   'path-key': [ '3.1.1' ],
298 silly audit   'shebang-command': [ '2.0.0' ],
298 silly audit   which: [ '2.0.2' ],
298 silly audit   'graceful-fs': [ '4.2.11' ],
298 silly audit   jsonfile: [ '6.1.0' ],
298 silly audit   universalify: [ '2.0.1' ],
298 silly audit   'buffer-from': [ '0.1.2' ],
298 silly audit   duplexer2: [ '0.0.2' ],
298 silly audit   through2: [ '0.6.5' ],
298 silly audit   'readable-stream': [ '1.1.14', '2.3.8', '1.0.34' ],
298 silly audit   kleur: [ '3.0.3' ],
298 silly audit   sisteransi: [ '1.0.5' ],
298 silly audit   'core-util-is': [ '1.0.3' ],
298 silly audit   inherits: [ '2.0.4' ],
298 silly audit   isarray: [ '0.0.1', '1.0.0' ],
298 silly audit   string_decoder: [ '0.10.31', '1.1.1' ],
298 silly audit   'shebang-regex': [ '3.0.0' ],
298 silly audit   'has-flag': [ '4.0.0' ],
298 silly audit   debug: [ '2.6.9' ],
298 silly audit   fstream: [ '1.0.12' ],
298 silly audit   'fstream-ignore': [ '1.0.5' ],
298 silly audit   once: [ '1.4.0' ],
298 silly audit   rimraf: [ '2.7.1' ],
298 silly audit   tar: [ '2.2.2' ],
298 silly audit   'uid-number': [ '0.0.6' ],
298 silly audit   ms: [ '2.0.0' ],
298 silly audit   mkdirp: [ '0.5.6' ],
298 silly audit   minimatch: [ '3.1.2' ],
298 silly audit   'brace-expansion': [ '1.1.11' ],
298 silly audit   'balanced-match': [ '1.0.2' ],
298 silly audit   'concat-map': [ '0.0.1' ],
298 silly audit   minimist: [ '1.2.8' ],
298 silly audit   wrappy: [ '1.0.2' ],
298 silly audit   glob: [ '7.2.3' ],
298 silly audit   'fs.realpath': [ '1.0.0' ],
298 silly audit   inflight: [ '1.0.6' ],
298 silly audit   'path-is-absolute': [ '1.0.1' ],
298 silly audit   'block-stream': [ '0.0.9' ],
298 silly audit   xtend: [ '4.0.2' ],
298 silly audit   builtins: [ '1.0.3' ],
298 silly audit   isexe: [ '2.0.0' ],
298 silly audit   'process-nextick-args': [ '2.0.1' ],
298 silly audit   'safe-buffer': [ '5.1.2' ],
298 silly audit   'util-deprecate': [ '1.0.2' ]
298 silly audit }
299 silly tarball no local data for safe-buffer@https://registry.npmjs.org/safe-buffer/-/safe-buffer-5.1.2.tgz. Extracting by manifest.
300 silly tarball no local data for util-deprecate@https://registry.npmjs.org/util-deprecate/-/util-deprecate-1.0.2.tgz. Extracting by manifest.
301 silly tarball no local data for isexe@https://registry.npmjs.org/isexe/-/isexe-2.0.0.tgz. Extracting by manifest.
302 silly tarball no local data for builtins@https://registry.npmjs.org/builtins/-/builtins-1.0.3.tgz. Extracting by manifest.
303 silly tarball no local data for process-nextick-args@https://registry.npmjs.org/process-nextick-args/-/process-nextick-args-2.0.1.tgz. Extracting by manifest.
304 silly tarball no local data for xtend@https://registry.npmjs.org/xtend/-/xtend-4.0.2.tgz. Extracting by manifest.
305 silly tarball no local data for block-stream@https://registry.npmjs.org/block-stream/-/block-stream-0.0.9.tgz. Extracting by manifest.
306 silly tarball no local data for path-is-absolute@https://registry.npmjs.org/path-is-absolute/-/path-is-absolute-1.0.1.tgz. Extracting by manifest.
307 silly tarball no local data for glob@https://registry.npmjs.org/glob/-/glob-7.2.3.tgz. Extracting by manifest.
308 silly tarball no local data for inflight@https://registry.npmjs.org/inflight/-/inflight-1.0.6.tgz. Extracting by manifest.
309 silly tarball no local data for wrappy@https://registry.npmjs.org/wrappy/-/wrappy-1.0.2.tgz. Extracting by manifest.
310 silly tarball no local data for fs.realpath@https://registry.npmjs.org/fs.realpath/-/fs.realpath-1.0.0.tgz. Extracting by manifest.
311 silly tarball no local data for minimist@https://registry.npmjs.org/minimist/-/minimist-1.2.8.tgz. Extracting by manifest.
312 silly tarball no local data for brace-expansion@https://registry.npmjs.org/brace-expansion/-/brace-expansion-1.1.11.tgz. Extracting by manifest.
313 silly tarball no local data for minimatch@https://registry.npmjs.org/minimatch/-/minimatch-3.1.2.tgz. Extracting by manifest.
314 silly tarball no local data for balanced-match@https://registry.npmjs.org/balanced-match/-/balanced-match-1.0.2.tgz. Extracting by manifest.
315 silly tarball no local data for concat-map@https://registry.npmjs.org/concat-map/-/concat-map-0.0.1.tgz. Extracting by manifest.
316 silly tarball no local data for mkdirp@https://registry.npmjs.org/mkdirp/-/mkdirp-0.5.6.tgz. Extracting by manifest.
317 silly tarball no local data for ms@https://registry.npmjs.org/ms/-/ms-2.0.0.tgz. Extracting by manifest.
318 silly tarball no local data for uid-number@https://registry.npmjs.org/uid-number/-/uid-number-0.0.6.tgz. Extracting by manifest.
319 silly tarball no local data for tar@https://registry.npmjs.org/tar/-/tar-2.2.2.tgz. Extracting by manifest.
320 silly tarball no local data for once@https://registry.npmjs.org/once/-/once-1.4.0.tgz. Extracting by manifest.
321 silly tarball no local data for fstream@https://registry.npmjs.org/fstream/-/fstream-1.0.12.tgz. Extracting by manifest.
322 silly tarball no local data for fstream-ignore@https://registry.npmjs.org/fstream-ignore/-/fstream-ignore-1.0.5.tgz. Extracting by manifest.
323 silly tarball no local data for rimraf@https://registry.npmjs.org/rimraf/-/rimraf-2.7.1.tgz. Extracting by manifest.
324 silly tarball no local data for debug@https://registry.npmjs.org/debug/-/debug-2.6.9.tgz. Extracting by manifest.
325 silly tarball no local data for has-flag@https://registry.npmjs.org/has-flag/-/has-flag-4.0.0.tgz. Extracting by manifest.
326 silly tarball no local data for shebang-regex@https://registry.npmjs.org/shebang-regex/-/shebang-regex-3.0.0.tgz. Extracting by manifest.
327 silly tarball no local data for isarray@https://registry.npmjs.org/isarray/-/isarray-0.0.1.tgz. Extracting by manifest.
328 silly tarball no local data for string_decoder@https://registry.npmjs.org/string_decoder/-/string_decoder-0.10.31.tgz. Extracting by manifest.
329 silly tarball no local data for inherits@https://registry.npmjs.org/inherits/-/inherits-2.0.4.tgz. Extracting by manifest.
330 silly tarball no local data for sisteransi@https://registry.npmjs.org/sisteransi/-/sisteransi-1.0.5.tgz. Extracting by manifest.
331 silly tarball no local data for core-util-is@https://registry.npmjs.org/core-util-is/-/core-util-is-1.0.3.tgz. Extracting by manifest.
332 silly tarball no local data for kleur@https://registry.npmjs.org/kleur/-/kleur-3.0.3.tgz. Extracting by manifest.
333 silly tarball no local data for through2@https://registry.npmjs.org/through2/-/through2-0.6.5.tgz. Extracting by manifest.
334 silly tarball no local data for readable-stream@https://registry.npmjs.org/readable-stream/-/readable-stream-1.1.14.tgz. Extracting by manifest.
335 silly tarball no local data for buffer-from@https://registry.npmjs.org/buffer-from/-/buffer-from-0.1.2.tgz. Extracting by manifest.
336 silly tarball no local data for duplexer2@https://registry.npmjs.org/duplexer2/-/duplexer2-0.0.2.tgz. Extracting by manifest.
337 silly tarball no local data for universalify@https://registry.npmjs.org/universalify/-/universalify-2.0.1.tgz. Extracting by manifest.
338 silly tarball no local data for graceful-fs@https://registry.npmjs.org/graceful-fs/-/graceful-fs-4.2.11.tgz. Extracting by manifest.
339 silly tarball no local data for which@https://registry.npmjs.org/which/-/which-2.0.2.tgz. Extracting by manifest.
340 silly tarball no local data for jsonfile@https://registry.npmjs.org/jsonfile/-/jsonfile-6.1.0.tgz. Extracting by manifest.
341 silly tarball no local data for shebang-command@https://registry.npmjs.org/shebang-command/-/shebang-command-2.0.0.tgz. Extracting by manifest.
342 silly tarball no local data for color-convert@https://registry.npmjs.org/color-convert/-/color-convert-2.0.1.tgz. Extracting by manifest.
343 silly tarball no local data for color-name@https://registry.npmjs.org/color-name/-/color-name-1.1.4.tgz. Extracting by manifest.
344 silly tarball no local data for supports-color@https://registry.npmjs.org/supports-color/-/supports-color-7.2.0.tgz. Extracting by manifest.
345 silly tarball no local data for path-key@https://registry.npmjs.org/path-key/-/path-key-3.1.1.tgz. Extracting by manifest.
346 silly tarball no local data for ansi-styles@https://registry.npmjs.org/ansi-styles/-/ansi-styles-4.3.0.tgz. Extracting by manifest.
347 silly tarball no local data for tmp@https://registry.npmjs.org/tmp/-/tmp-0.2.3.tgz. Extracting by manifest.
348 silly tarball no local data for tar-pack@https://registry.npmjs.org/tar-pack/-/tar-pack-3.4.1.tgz. Extracting by manifest.
349 silly tarball no local data for validate-npm-package-name@https://registry.npmjs.org/validate-npm-package-name/-/validate-npm-package-name-3.0.0.tgz. Extracting by manifest.
350 silly tarball no local data for semver@https://registry.npmjs.org/semver/-/semver-7.6.2.tgz. Extracting by manifest.
351 silly tarball no local data for prompts@https://registry.npmjs.org/prompts/-/prompts-2.4.2.tgz. Extracting by manifest.
352 silly tarball no local data for envinfo@https://registry.npmjs.org/envinfo/-/envinfo-7.13.0.tgz. Extracting by manifest.
353 silly tarball no local data for fs-extra@https://registry.npmjs.org/fs-extra/-/fs-extra-10.1.0.tgz. Extracting by manifest.
354 silly tarball no local data for cross-spawn@https://registry.npmjs.org/cross-spawn/-/cross-spawn-7.0.3.tgz. Extracting by manifest.
355 silly tarball no local data for chalk@https://registry.npmjs.org/chalk/-/chalk-4.1.2.tgz. Extracting by manifest.
356 silly tarball no local data for commander@https://registry.npmjs.org/commander/-/commander-4.1.1.tgz. Extracting by manifest.
357 silly tarball no local data for hyperquest@https://registry.npmjs.org/hyperquest/-/hyperquest-2.1.3.tgz. Extracting by manifest.
358 silly tarball no local data for create-react-app@https://registry.npmjs.org/create-react-app/-/create-react-app-5.0.1.tgz. Extracting by manifest.
359 silly tarball no local data for readable-stream@https://registry.npmjs.org/readable-stream/-/readable-stream-1.0.34.tgz. Extracting by manifest.
360 silly tarball no local data for isarray@https://registry.npmjs.org/isarray/-/isarray-1.0.0.tgz. Extracting by manifest.
361 silly tarball no local data for readable-stream@https://registry.npmjs.org/readable-stream/-/readable-stream-2.3.8.tgz. Extracting by manifest.
362 silly tarball no local data for string_decoder@https://registry.npmjs.org/string_decoder/-/string_decoder-1.1.1.tgz. Extracting by manifest.
363 http fetch POST 200 https://registry.npmjs.org/-/npm/v1/security/advisories/bulk 229ms
364 timing auditReport:getReport Completed in 230ms
365 silly audit report {
365 silly audit report   tar: [
365 silly audit report     {
365 silly audit report       id: 1089685,
365 silly audit report       url: 'https://github.com/advisories/GHSA-3jfq-g458-7qm9',
365 silly audit report       title: 'Arbitrary File Creation/Overwrite due to insufficient absolute path sanitization',
365 silly audit report       severity: 'high',
365 silly audit report       vulnerable_versions: '<3.2.2',
365 silly audit report       cwe: [Array],
365 silly audit report       cvss: [Object]
365 silly audit report     },
365 silly audit report     {
365 silly audit report       id: 1095117,
365 silly audit report       url: 'https://github.com/advisories/GHSA-5955-9wpr-37jh',
365 silly audit report       title: 'Arbitrary File Creation/Overwrite on Windows via insufficient relative path sanitization',
365 silly audit report       severity: 'high',
365 silly audit report       vulnerable_versions: '<4.4.18',
365 silly audit report       cwe: [Array],
365 silly audit report       cvss: [Object]
365 silly audit report     },
365 silly audit report     {
365 silly audit report       id: 1097493,
365 silly audit report       url: 'https://github.com/advisories/GHSA-f5x3-32g6-xq36',
365 silly audit report       title: 'Denial of service while parsing a tar file due to lack of folders count validation',
365 silly audit report       severity: 'moderate',
365 silly audit report       vulnerable_versions: '<6.2.1',
365 silly audit report       cwe: [Array],
365 silly audit report       cvss: [Object]
365 silly audit report     }
365 silly audit report   ]
365 silly audit report }
366 timing metavuln:packument:tar Completed in 1ms
367 timing metavuln:cache:get:security-advisory:tar:Oa066nJpV2ox85F6qnk1N5eWmAmoWAMU7byYhWk4oYfHYrQ8aGHfCKRikfcy0dHDcKWKiPRc7Nz7R9fxKkj0Yw== Completed in 6ms
368 timing metavuln:load:security-advisory:tar:1089685 Completed in 7ms
369 timing metavuln:cache:get:security-advisory:tar:2lGtz15Gs28nRX11iCY/mSa25Ky4CfNVzD5qptDvtqdkLXPb/znmxdJ/4OrOyJZ2qQgFtnfxP9ee2xfimUMfuw== Completed in 13ms
370 timing metavuln:load:security-advisory:tar:1095117 Completed in 5ms
371 timing metavuln:cache:get:security-advisory:tar:xsfciMtNhQn+Vb692L8h5HEYBYUJ5Lhjy3bF//LOsKSn8tp0f1hbuDX26k9UtKJNPZjM5uuq2Cxlz3KwL19oJg== Completed in 20ms
372 timing metavuln:load:security-advisory:tar:1097493 Completed in 3ms
373 http fetch GET 200 https://registry.npmjs.org/path-is-absolute/-/path-is-absolute-1.0.1.tgz 294ms (cache miss)
374 timing reifyNode:node_modules/path-is-absolute Completed in 333ms
375 http fetch GET 200 https://registry.npmjs.org/process-nextick-args/-/process-nextick-args-2.0.1.tgz 304ms (cache miss)
376 timing reifyNode:node_modules/process-nextick-args Completed in 334ms
377 http fetch GET 200 https://registry.npmjs.org/inflight/-/inflight-1.0.6.tgz 291ms (cache miss)
378 warn deprecated inflight@1.0.6: This module is not supported, and leaks memory. Do not use it. Check out lru-cache if you want a good and tested way to coalesce async requests by a key value, which is much more comprehensive and powerful.
379 timing reifyNode:node_modules/inflight Completed in 336ms
380 http fetch GET 200 https://registry.npmjs.org/wrappy/-/wrappy-1.0.2.tgz 290ms (cache miss)
381 timing reifyNode:node_modules/wrappy Completed in 338ms
382 http fetch GET 200 https://registry.npmjs.org/brace-expansion/-/brace-expansion-1.1.11.tgz 331ms (cache miss)
383 timing reifyNode:node_modules/brace-expansion Completed in 384ms
384 http fetch GET 200 https://registry.npmjs.org/builtins/-/builtins-1.0.3.tgz 360ms (cache miss)
385 timing reifyNode:node_modules/builtins Completed in 388ms
386 http fetch GET 200 https://registry.npmjs.org/xtend/-/xtend-4.0.2.tgz 359ms (cache miss)
387 timing reifyNode:node_modules/xtend Completed in 393ms
388 timing metavuln:cache:put:security-advisory:tar:xsfciMtNhQn+Vb692L8h5HEYBYUJ5Lhjy3bF//LOsKSn8tp0f1hbuDX26k9UtKJNPZjM5uuq2Cxlz3KwL19oJg== Completed in 147ms
389 timing metavuln:calculate:security-advisory:tar:1097493 Completed in 170ms
390 timing metavuln:cache:put:security-advisory:tar:2lGtz15Gs28nRX11iCY/mSa25Ky4CfNVzD5qptDvtqdkLXPb/znmxdJ/4OrOyJZ2qQgFtnfxP9ee2xfimUMfuw== Completed in 151ms
391 timing metavuln:calculate:security-advisory:tar:1095117 Completed in 170ms
392 http fetch GET 200 https://registry.npmjs.org/ms/-/ms-2.0.0.tgz 343ms (cache miss)
393 timing reifyNode:node_modules/ms Completed in 409ms
394 http fetch GET 200 https://registry.npmjs.org/block-stream/-/block-stream-0.0.9.tgz 377ms (cache miss)
395 timing reifyNode:node_modules/block-stream Completed in 413ms
396 http fetch GET 200 https://registry.npmjs.org/safe-buffer/-/safe-buffer-5.1.2.tgz 393ms (cache miss)
397 timing reifyNode:node_modules/safe-buffer Completed in 414ms
398 http fetch GET 200 https://registry.npmjs.org/fs.realpath/-/fs.realpath-1.0.0.tgz 368ms (cache miss)
399 timing reifyNode:node_modules/fs.realpath Completed in 419ms
400 http fetch GET 200 https://registry.npmjs.org/uid-number/-/uid-number-0.0.6.tgz 347ms (cache miss)
401 warn deprecated uid-number@0.0.6: This package is no longer supported.
402 timing reifyNode:node_modules/uid-number Completed in 420ms
403 timing metavuln:cache:put:security-advisory:tar:Oa066nJpV2ox85F6qnk1N5eWmAmoWAMU7byYhWk4oYfHYrQ8aGHfCKRikfcy0dHDcKWKiPRc7Nz7R9fxKkj0Yw== Completed in 182ms
404 timing metavuln:calculate:security-advisory:tar:1089685 Completed in 195ms
405 timing metavuln:packument:tar-pack Completed in 0ms
406 http fetch GET 200 https://registry.npmjs.org/util-deprecate/-/util-deprecate-1.0.2.tgz 402ms (cache miss)
407 timing reifyNode:node_modules/util-deprecate Completed in 426ms
408 http fetch GET 200 https://registry.npmjs.org/glob/-/glob-7.2.3.tgz 387ms (cache miss)
409 warn deprecated glob@7.2.3: Glob versions prior to v9 are no longer supported
410 timing reifyNode:node_modules/glob Completed in 427ms
411 timing metavuln:cache:get:security-advisory:tar-pack:3KXljJwoAr/NHejfU6kg41RmjF3Pg6M28t7ViuMjk5SYV3kYL9qyGZ417dIFb1Y8K+hhpo0sBWpskxrKhsZQzQ== Completed in 5ms
412 timing metavuln:load:security-advisory:tar-pack:Oa066nJpV2ox85F6qnk1N5eWmAmoWAMU7byYhWk4oYfHYrQ8aGHfCKRikfcy0dHDcKWKiPRc7Nz7R9fxKkj0Yw== Completed in 2ms
413 http fetch GET 200 https://registry.npmjs.org/mkdirp/-/mkdirp-0.5.6.tgz 371ms (cache miss)
414 timing reifyNode:node_modules/mkdirp Completed in 434ms
415 http fetch GET 200 https://registry.npmjs.org/once/-/once-1.4.0.tgz 357ms (cache miss)
416 timing reifyNode:node_modules/once Completed in 436ms
417 http fetch GET 200 https://registry.npmjs.org/balanced-match/-/balanced-match-1.0.2.tgz 381ms (cache miss)
418 timing reifyNode:node_modules/balanced-match Completed in 440ms
419 http fetch GET 200 https://registry.npmjs.org/has-flag/-/has-flag-4.0.0.tgz 353ms (cache miss)
420 timing reifyNode:node_modules/has-flag Completed in 442ms
421 http fetch GET 200 https://registry.npmjs.org/universalify/-/universalify-2.0.1.tgz 330ms (cache miss)
422 timing reifyNode:node_modules/universalify Completed in 448ms
423 http fetch GET 200 https://registry.npmjs.org/isexe/-/isexe-2.0.0.tgz 429ms (cache miss)
424 timing reifyNode:node_modules/isexe Completed in 456ms
425 http fetch GET 200 https://registry.npmjs.org/string_decoder/-/string_decoder-0.10.31.tgz 361ms (cache miss)
426 timing reifyNode:node_modules/string_decoder Completed in 457ms
427 http fetch GET 200 https://registry.npmjs.org/minimatch/-/minimatch-3.1.2.tgz 405ms (cache miss)
428 timing reifyNode:node_modules/minimatch Completed in 461ms
429 http fetch GET 200 https://registry.npmjs.org/sisteransi/-/sisteransi-1.0.5.tgz 360ms (cache miss)
430 timing reifyNode:node_modules/sisteransi Completed in 463ms
431 http fetch GET 200 https://registry.npmjs.org/rimraf/-/rimraf-2.7.1.tgz 383ms (cache miss)
432 warn deprecated rimraf@2.7.1: Rimraf versions prior to v4 are no longer supported
433 timing reifyNode:node_modules/rimraf Completed in 468ms
434 http fetch GET 200 https://registry.npmjs.org/color-name/-/color-name-1.1.4.tgz 348ms (cache miss)
435 timing reifyNode:node_modules/color-name Completed in 480ms
436 http fetch GET 200 https://registry.npmjs.org/inherits/-/inherits-2.0.4.tgz 387ms (cache miss)
437 timing reifyNode:node_modules/inherits Completed in 489ms
438 http fetch GET 200 https://registry.npmjs.org/core-util-is/-/core-util-is-1.0.3.tgz 385ms (cache miss)
439 timing reifyNode:node_modules/core-util-is Completed in 490ms
440 http fetch GET 200 https://registry.npmjs.org/fstream-ignore/-/fstream-ignore-1.0.5.tgz 410ms (cache miss)
441 warn deprecated fstream-ignore@1.0.5: This package is no longer supported.
442 timing reifyNode:node_modules/fstream-ignore Completed in 494ms
443 http fetch GET 200 https://registry.npmjs.org/shebang-regex/-/shebang-regex-3.0.0.tgz 408ms (cache miss)
444 timing reifyNode:node_modules/shebang-regex Completed in 498ms
445 http fetch GET 200 https://registry.npmjs.org/shebang-command/-/shebang-command-2.0.0.tgz 371ms (cache miss)
446 timing reifyNode:node_modules/shebang-command Completed in 499ms
447 http fetch GET 200 https://registry.npmjs.org/buffer-from/-/buffer-from-0.1.2.tgz 395ms (cache miss)
448 timing reifyNode:node_modules/buffer-from Completed in 507ms
449 http fetch GET 200 https://registry.npmjs.org/duplexer2/-/duplexer2-0.0.2.tgz 395ms (cache miss)
450 timing reifyNode:node_modules/duplexer2 Completed in 511ms
451 http fetch GET 200 https://registry.npmjs.org/isarray/-/isarray-0.0.1.tgz 420ms (cache miss)
452 timing reifyNode:node_modules/isarray Completed in 514ms
453 http fetch GET 200 https://registry.npmjs.org/through2/-/through2-0.6.5.tgz 408ms (cache miss)
454 timing reifyNode:node_modules/through2 Completed in 516ms
455 http fetch GET 200 https://registry.npmjs.org/jsonfile/-/jsonfile-6.1.0.tgz 392ms (cache miss)
456 timing reifyNode:node_modules/jsonfile Completed in 519ms
457 http fetch GET 200 https://registry.npmjs.org/concat-map/-/concat-map-0.0.1.tgz 461ms (cache miss)
458 timing reifyNode:node_modules/concat-map Completed in 522ms
459 http fetch GET 200 https://registry.npmjs.org/graceful-fs/-/graceful-fs-4.2.11.tgz 405ms (cache miss)
460 timing reifyNode:node_modules/graceful-fs Completed in 525ms
461 http fetch GET 200 https://registry.npmjs.org/kleur/-/kleur-3.0.3.tgz 424ms (cache miss)
462 timing reifyNode:node_modules/kleur Completed in 530ms
463 http fetch GET 200 https://registry.npmjs.org/path-key/-/path-key-3.1.1.tgz 394ms (cache miss)
464 timing reifyNode:node_modules/path-key Completed in 533ms
465 http fetch GET 200 https://registry.npmjs.org/supports-color/-/supports-color-7.2.0.tgz 404ms (cache miss)
466 timing reifyNode:node_modules/supports-color Completed in 538ms
467 http fetch GET 200 https://registry.npmjs.org/hyperquest/-/hyperquest-2.1.3.tgz 377ms (cache miss)
468 http fetch GET 200 https://registry.npmjs.org/which/-/which-2.0.2.tgz 426ms (cache miss)
469 timing reifyNode:node_modules/which Completed in 550ms
470 timing metavuln:cache:put:security-advisory:tar-pack:3KXljJwoAr/NHejfU6kg41RmjF3Pg6M28t7ViuMjk5SYV3kYL9qyGZ417dIFb1Y8K+hhpo0sBWpskxrKhsZQzQ== Completed in 122ms
471 timing metavuln:calculate:security-advisory:tar-pack:Oa066nJpV2ox85F6qnk1N5eWmAmoWAMU7byYhWk4oYfHYrQ8aGHfCKRikfcy0dHDcKWKiPRc7Nz7R9fxKkj0Yw== Completed in 129ms
472 timing metavuln:packument:create-react-app Completed in 0ms
473 http fetch GET 200 https://registry.npmjs.org/debug/-/debug-2.6.9.tgz 467ms (cache miss)
474 timing reifyNode:node_modules/debug Completed in 554ms
475 timing metavuln:cache:get:security-advisory:create-react-app:BAP5sjD/UipbJVBCija12WlnlurqvRCOfkHPDCK3St763W6JIxpLfRD1F9PMmW4GEaZmK6BFkh/Pye257xPpCw== Completed in 3ms
476 timing metavuln:load:security-advisory:create-react-app:3KXljJwoAr/NHejfU6kg41RmjF3Pg6M28t7ViuMjk5SYV3kYL9qyGZ417dIFb1Y8K+hhpo0sBWpskxrKhsZQzQ== Completed in 3ms
477 http fetch GET 200 https://registry.npmjs.org/ansi-styles/-/ansi-styles-4.3.0.tgz 419ms (cache miss)
478 timing reifyNode:node_modules/ansi-styles Completed in 559ms
479 http fetch GET 200 https://registry.npmjs.org/string_decoder/-/string_decoder-1.1.1.tgz 379ms (cache miss)
480 timing reifyNode:node_modules/tar-pack/node_modules/string_decoder Completed in 561ms
481 timing reifyNode:node_modules/hyperquest Completed in 562ms
482 http fetch GET 200 https://registry.npmjs.org/create-react-app/-/create-react-app-5.0.1.tgz 391ms (cache miss)
483 timing reifyNode:node_modules/create-react-app Completed in 565ms
484 http fetch GET 200 https://registry.npmjs.org/color-convert/-/color-convert-2.0.1.tgz 439ms (cache miss)
485 timing reifyNode:node_modules/color-convert Completed in 569ms
486 http fetch GET 200 https://registry.npmjs.org/chalk/-/chalk-4.1.2.tgz 413ms (cache miss)
487 timing reifyNode:node_modules/chalk Completed in 579ms
488 http fetch GET 200 https://registry.npmjs.org/minimist/-/minimist-1.2.8.tgz 533ms (cache miss)
489 timing reifyNode:node_modules/minimist Completed in 586ms
490 http fetch GET 200 https://registry.npmjs.org/tmp/-/tmp-0.2.3.tgz 447ms (cache miss)
491 timing reifyNode:node_modules/tmp Completed in 589ms
492 http fetch GET 200 https://registry.npmjs.org/validate-npm-package-name/-/validate-npm-package-name-3.0.0.tgz 444ms (cache miss)
493 timing reifyNode:node_modules/validate-npm-package-name Completed in 593ms
494 http fetch GET 200 https://registry.npmjs.org/cross-spawn/-/cross-spawn-7.0.3.tgz 432ms (cache miss)
495 timing reifyNode:node_modules/cross-spawn Completed in 595ms
496 http fetch GET 200 https://registry.npmjs.org/isarray/-/isarray-1.0.0.tgz 418ms (cache miss)
497 timing reifyNode:node_modules/tar-pack/node_modules/isarray Completed in 597ms
498 http fetch GET 200 https://registry.npmjs.org/readable-stream/-/readable-stream-1.0.34.tgz 423ms (cache miss)
499 timing reifyNode:node_modules/through2/node_modules/readable-stream Completed in 600ms
500 http fetch GET 200 https://registry.npmjs.org/envinfo/-/envinfo-7.13.0.tgz 447ms (cache miss)
501 timing reifyNode:node_modules/envinfo Completed in 602ms
502 http fetch GET 200 https://registry.npmjs.org/commander/-/commander-4.1.1.tgz 439ms (cache miss)
503 timing reifyNode:node_modules/commander Completed in 606ms
504 http fetch GET 200 https://registry.npmjs.org/fstream/-/fstream-1.0.12.tgz 529ms (cache miss)
505 warn deprecated fstream@1.0.12: This package is no longer supported.
506 timing reifyNode:node_modules/fstream Completed in 610ms
507 http fetch GET 200 https://registry.npmjs.org/tar-pack/-/tar-pack-3.4.1.tgz 467ms (cache miss)
508 timing reifyNode:node_modules/tar-pack Completed in 611ms
509 http fetch GET 200 https://registry.npmjs.org/readable-stream/-/readable-stream-1.1.14.tgz 505ms (cache miss)
510 timing reifyNode:node_modules/readable-stream Completed in 615ms
511 timing metavuln:cache:put:security-advisory:create-react-app:BAP5sjD/UipbJVBCija12WlnlurqvRCOfkHPDCK3St763W6JIxpLfRD1F9PMmW4GEaZmK6BFkh/Pye257xPpCw== Completed in 59ms
512 timing metavuln:calculate:security-advisory:create-react-app:3KXljJwoAr/NHejfU6kg41RmjF3Pg6M28t7ViuMjk5SYV3kYL9qyGZ417dIFb1Y8K+hhpo0sBWpskxrKhsZQzQ== Completed in 65ms
513 timing auditReport:init Completed in 389ms
514 timing reify:audit Completed in 620ms
515 http fetch GET 200 https://registry.npmjs.org/readable-stream/-/readable-stream-2.3.8.tgz 445ms (cache miss)
516 timing reifyNode:node_modules/tar-pack/node_modules/readable-stream Completed in 626ms
517 http fetch GET 200 https://registry.npmjs.org/fs-extra/-/fs-extra-10.1.0.tgz 476ms (cache miss)
518 timing reifyNode:node_modules/fs-extra Completed in 633ms
519 http fetch GET 200 https://registry.npmjs.org/semver/-/semver-7.6.2.tgz 486ms (cache miss)
520 timing reifyNode:node_modules/semver Completed in 637ms
521 http fetch GET 200 https://registry.npmjs.org/prompts/-/prompts-2.4.2.tgz 491ms (cache miss)
522 timing reifyNode:node_modules/prompts Completed in 644ms
523 http fetch GET 200 https://registry.npmjs.org/tar/-/tar-2.2.2.tgz 581ms (cache miss)
524 warn deprecated tar@2.2.2: This version of tar is no longer supported, and will not receive security updates. Please upgrade asap.
525 timing reifyNode:node_modules/tar Completed in 659ms
526 timing reify:unpack Completed in 660ms
527 timing reify:unretire Completed in 0ms
528 timing build:queue Completed in 1ms
529 timing build:link:node_modules/create-react-app Completed in 2ms
530 timing build:link:node_modules/mkdirp Completed in 2ms
531 timing build:link:node_modules/rimraf Completed in 2ms
532 timing build:link:node_modules/semver Completed in 2ms
533 timing build:link:node_modules/which Completed in 2ms
534 timing build:link:node_modules/envinfo Completed in 2ms
535 timing build:link Completed in 2ms
536 timing build:deps Completed in 4ms
537 timing build Completed in 4ms
538 timing reify:build Completed in 4ms
539 timing reify:trash Completed in 0ms
540 timing reify:save Completed in 23ms
541 timing reify Completed in 3179ms
542 timing command:exec Completed in 7409ms
543 verbose exit 1
544 timing npm Completed in 7541ms
545 verbose code 1
